2024-09-16 22:22:44 [main] INFO  o.e.practice15.Practice15Application - Starting Practice15Application using Java 17.0.12 on DESKTOP-M463CCQ with PID 27880 (F:\prodv_java\practice15\target\classes started by grig0 in F:\prodv_java\practice15)
2024-09-16 22:22:44 [main] INFO  o.e.practice15.Practice15Application - No active profile set, falling back to default profiles: default
2024-09-16 22:22:44 [main] INFO  o.s.d.r.c.RepositoryConfigurationDelegate - Bootstrapping Spring Data JPA repositories in DEFAULT mode.
2024-09-16 22:22:44 [main] INFO  o.s.d.r.c.RepositoryConfigurationDelegate - Finished Spring Data repository scanning in 21 ms. Found 2 JPA repository interfaces.
2024-09-16 22:22:44 [main] INFO  o.s.b.w.e.tomcat.TomcatWebServer - Tomcat initialized with port(s): 8080 (http)
2024-09-16 22:22:44 [main] INFO  o.a.coyote.http11.Http11NioProtocol - Initializing ProtocolHandler ["http-nio-8080"]
2024-09-16 22:22:44 [main] INFO  o.a.catalina.core.StandardService - Starting service [Tomcat]
2024-09-16 22:22:44 [main] INFO  o.a.catalina.core.StandardEngine - Starting Servlet engine: [Apache Tomcat/9.0.56]
2024-09-16 22:22:44 [main] INFO  o.a.c.c.C.[Tomcat].[localhost].[/] - Initializing Spring embedded WebApplicationContext
2024-09-16 22:22:44 [main] INFO  o.s.b.w.s.c.ServletWebServerApplicationContext - Root WebApplicationContext: initialization completed in 740 ms
2024-09-16 22:22:45 [main] INFO  o.h.jpa.internal.util.LogHelper - HHH000204: Processing PersistenceUnitInfo [name: default]
2024-09-16 22:22:45 [main] INFO  org.hibernate.Version - HHH000412: Hibernate ORM core version 5.6.4.Final
2024-09-16 22:22:45 [main] INFO  o.h.annotations.common.Version - HCANN000001: Hibernate Commons Annotations {5.1.2.Final}
2024-09-16 22:22:45 [main] INFO  com.zaxxer.hikari.HikariDataSource - HikariPool-1 - Starting...
2024-09-16 22:22:45 [main] INFO  com.zaxxer.hikari.HikariDataSource - HikariPool-1 - Start completed.
2024-09-16 22:22:45 [main] INFO  org.hibernate.dialect.Dialect - HHH000400: Using dialect: org.hibernate.dialect.PostgreSQLDialect
2024-09-16 22:22:45 [main] INFO  o.h.e.t.j.p.i.JtaPlatformInitiator - HHH000490: Using JtaPlatform implementation: [org.hibernate.engine.transaction.jta.platform.internal.NoJtaPlatform]
2024-09-16 22:22:45 [main] INFO  o.s.o.j.LocalContainerEntityManagerFactoryBean - Initialized JPA EntityManagerFactory for persistence unit 'default'
2024-09-16 22:22:45 [main] WARN  o.s.b.a.o.j.JpaBaseConfiguration$JpaWebConfiguration - spring.jpa.open-in-view is enabled by default. Therefore, database queries may be performed during view rendering. Explicitly configure spring.jpa.open-in-view to disable this warning
2024-09-16 22:22:46 [main] INFO  o.s.b.a.w.s.WelcomePageHandlerMapping - Adding welcome page: class path resource [static/index.html]
2024-09-16 22:22:46 [main] INFO  o.a.coyote.http11.Http11NioProtocol - Starting ProtocolHandler ["http-nio-8080"]
2024-09-16 22:22:46 [main] INFO  o.s.b.w.e.tomcat.TomcatWebServer - Tomcat started on port(s): 8080 (http) with context path ''
2024-09-16 22:22:46 [main] INFO  o.e.practice15.Practice15Application - Started Practice15Application in 2.388 seconds (JVM running for 2.801)
2024-09-16 22:23:00 [http-nio-8080-exec-1] INFO  o.a.c.c.C.[Tomcat].[localhost].[/] - Initializing Spring DispatcherServlet 'dispatcherServlet'
2024-09-16 22:23:00 [http-nio-8080-exec-1] INFO  o.s.web.servlet.DispatcherServlet - Initializing Servlet 'dispatcherServlet'
2024-09-16 22:23:00 [http-nio-8080-exec-1] INFO  o.s.web.servlet.DispatcherServlet - Completed initialization in 1 ms
2024-09-16 22:23:00 [http-nio-8080-exec-1] INFO  o.e.practice15.service.PhoneService - Finding phones with name: null, creationYear: null, manufactureId: null
2024-09-16 22:23:00 [http-nio-8080-exec-1] INFO  o.e.practice15.service.PhoneService - Found 3 phones
2024-09-16 22:23:02 [http-nio-8080-exec-3] INFO  o.e.practice15.service.PhoneService - Finding phones with name: null, creationYear: null, manufactureId: null
2024-09-16 22:23:02 [http-nio-8080-exec-3] INFO  o.e.practice15.service.PhoneService - Found 3 phones
2024-09-16 22:25:22 [http-nio-8080-exec-6] INFO  o.e.practice15.service.PhoneService - Saving phone: org.example.practice15.model.Phone@4bcb1478
2024-09-16 22:29:18 [http-nio-8080-exec-9] INFO  o.e.practice15.service.PhoneService - Finding phones with name: null, creationYear: null, manufactureId: null
2024-09-16 22:29:18 [http-nio-8080-exec-9] INFO  o.e.practice15.service.PhoneService - Found 4 phones
2024-09-16 22:30:41 [SpringApplicationShutdownHook] INFO  o.s.o.j.LocalContainerEntityManagerFactoryBean - Closing JPA EntityManagerFactory for persistence unit 'default'
2024-09-16 22:30:41 [SpringApplicationShutdownHook] INFO  com.zaxxer.hikari.HikariDataSource - HikariPool-1 - Shutdown initiated...
2024-09-16 22:30:41 [SpringApplicationShutdownHook] INFO  com.zaxxer.hikari.HikariDataSource - HikariPool-1 - Shutdown completed.
